<?xml version="1.0" encoding="UTF-8"?>
<!-- Generated by org.testng.reporters.JUnitReportReporter -->
<testsuite skipped="0" hostname="DESKTOP-R5U0RRK" name="com.saucelab.testCases.EndToEndTesting" tests="1" failures="0" timestamp="18 Sep 2023 02:43:56 GMT" time="3.953" errors="0">
  <testcase name="verifyLogin" time="3.953" classname="com.saucelab.testCases.EndToEndTesting"/>
</testsuite> <!-- com.saucelab.testCases.EndToEndTesting -->
