<?xml version="1.0" encoding="UTF-8"?>
<!-- Generated by org.testng.reporters.JUnitReportReporter -->
<testsuite hostname="DESKTOP-R5U0RRK" failures="0" tests="1" name="com.saucelab.testCases.EndToEndTesting" time="3.722" errors="0" timestamp="2023-09-19T06:40:04 IST" skipped="0">
  <testcase classname="com.saucelab.testCases.EndToEndTesting" name="verifyLogin" time="3.722"/>
  <system-out/>
</testsuite> <!-- com.saucelab.testCases.EndToEndTesting -->
